    Updating crates.io index
     Locking 12 packages to latest compatible versions
    Updating ant-quic v0.27.29 -> v0.27.30
    Updating saorsa-gossip-coordinator v0.5.65 -> v0.5.66
    Updating saorsa-gossip-crdt-sync v0.5.65 -> v0.5.66
    Updating saorsa-gossip-groups v0.5.65 -> v0.5.66
    Updating saorsa-gossip-identity v0.5.65 -> v0.5.66
    Updating saorsa-gossip-membership v0.5.65 -> v0.5.66
    Updating saorsa-gossip-presence v0.5.65 -> v0.5.66
    Updating saorsa-gossip-pubsub v0.5.65 -> v0.5.66
    Updating saorsa-gossip-rendezvous v0.5.65 -> v0.5.66
    Updating saorsa-gossip-runtime v0.5.65 -> v0.5.66
    Updating saorsa-gossip-transport v0.5.65 -> v0.5.66
    Updating saorsa-gossip-types v0.5.65 -> v0.5.66
   Compiling proc-macro2 v1.0.106
   Compiling unicode-ident v1.0.24
   Compiling quote v1.0.46
   Compiling libc v0.2.186
   Compiling cfg-if v1.0.4
   Compiling serde_core v1.0.228
   Compiling serde v1.0.228
   Compiling version_check v0.9.5
   Compiling subtle v2.6.1
   Compiling typenum v1.20.1
   Compiling find-msvc-tools v0.1.9
   Compiling log v0.4.33
   Compiling shlex v2.0.1
   Compiling scopeguard v1.2.0
   Compiling smallvec v1.15.2
   Compiling parking_lot_core v0.9.12
   Compiling itoa v1.0.18
   Compiling lock_api v0.4.14
   Compiling pin-project-lite v0.2.17
   Compiling once_cell v1.21.4
   Compiling memchr v2.8.3
   Compiling futures-core v0.3.32
   Compiling pkg-config v0.3.33
   Compiling cpufeatures v0.2.17
   Compiling futures-sink v0.3.32
   Compiling generic-array v0.14.7
   Compiling stable_deref_trait v1.2.1
   Compiling slab v0.4.12
   Compiling futures-io v0.3.32
   Compiling futures-task v0.3.32
   Compiling tracing-core v0.1.36
   Compiling futures-channel v0.3.32
   Compiling zerocopy v0.8.54
   Compiling semver v1.0.28
   Compiling crossbeam-utils v0.8.22
   Compiling equivalent v1.0.2
   Compiling byteorder v1.5.0
   Compiling bitflags v2.13.0
   Compiling httparse v1.10.1
   Compiling rustc_version v0.4.1
   Compiling zmij v1.0.21
   Compiling dunce v1.0.5
   Compiling fs_extra v1.3.0
   Compiling hashbrown v0.17.1
   Compiling spin v0.9.8
   Compiling serde_json v1.0.150
   Compiling crossbeam-epoch v0.9.20
   Compiling litemap v0.8.2
   Compiling crossbeam-deque v0.8.7
   Compiling indexmap v2.14.0
   Compiling const-oid v0.9.6
   Compiling thiserror v2.0.18
   Compiling percent-encoding v2.3.2
   Compiling fnv v1.0.7
   Compiling opaque-debug v0.3.1
   Compiling writeable v0.6.3
   Compiling time-core v0.1.9
   Compiling tower-service v0.3.3
   Compiling icu_properties_data v2.2.0
   Compiling cpufeatures v0.3.0
   Compiling icu_normalizer_data v2.2.0
   Compiling num-conv v0.2.2
   Compiling powerfmt v0.2.0
   Compiling num_threads v0.1.7
   Compiling base64 v0.22.1
   Compiling aws-lc-rs v1.17.1
   Compiling base16ct v0.2.0
   Compiling utf8_iter v1.0.4
   Compiling deranged v0.5.8
   Compiling heapless v0.7.17
   Compiling curve25519-dalek v4.1.3
   Compiling autocfg v1.5.1
   Compiling keccak v0.1.6
   Compiling try-lock v0.2.5
   Compiling untrusted v0.9.0
   Compiling httpdate v1.0.3
   Compiling getrandom v0.2.17
   Compiling errno v0.3.14
   Compiling rand_core v0.6.4
   Compiling signal-hook-registry v1.4.8
   Compiling mio v1.2.1
   Compiling parking_lot v0.12.5
   Compiling socket2 v0.6.4
   Compiling ff v0.13.1
   Compiling time v0.3.53
   Compiling group v0.13.0
   Compiling want v0.3.1
   Compiling syn v2.0.118
   Compiling form_urlencoded v1.2.2
   Compiling hash32 v0.2.1
   Compiling jobserver v0.1.35
   Compiling atomic-waker v1.1.2
   Compiling rayon-core v1.13.0
   Compiling anyhow v1.0.103
   Compiling base64ct v1.8.3
   Compiling cc v1.2.66
   Compiling password-hash v0.5.0
   Compiling cmake v0.1.58
   Compiling arrayvec v0.7.8
   Compiling arrayref v0.3.9
   Compiling constant_time_eq v0.4.2
   Compiling either v1.16.0
   Compiling bytemuck v1.25.0
   Compiling rustls v0.23.41
   Compiling aho-corasick v1.1.4
   Compiling aws-lc-sys v0.42.0
   Compiling ring v0.17.14
   Compiling blake3 v1.8.5
   Compiling safe_arch v0.7.4
   Compiling sync_wrapper v1.0.2
   Compiling synstructure v0.13.2
   Compiling regex-syntax v0.8.11
   Compiling cfg_aliases v0.2.1
   Compiling hex v0.4.3
   Compiling tower-layer v0.3.3
   Compiling getrandom v0.4.3
   Compiling rand_core v0.10.1
   Compiling ipnet v2.12.0
   Compiling rand_core v0.9.5
   Compiling signal-hook v0.3.18
   Compiling wide v0.7.33
   Compiling utf8parse v0.2.2
   Compiling zeroize_derive v1.5.0
   Compiling serde_derive v1.0.228
   Compiling tokio-macros v2.7.0
   Compiling zeroize v1.9.0
   Compiling futures-macro v0.3.32
   Compiling tracing-attributes v0.1.31
   Compiling zerocopy-derive v0.8.54
   Compiling futures-util v0.3.32
   Compiling zerofrom-derive v0.1.7
   Compiling tracing v0.1.44
   Compiling yoke-derive v0.8.2
   Compiling zerovec-derive v0.11.3
   Compiling displaydoc v0.2.6
   Compiling zerofrom v0.1.8
   Compiling thiserror-impl v2.0.18
   Compiling async-trait v0.1.89
   Compiling curve25519-dalek-derive v0.1.1
   Compiling regex-automata v0.4.14
   Compiling ryu v1.0.23
   Compiling rayon v1.12.0
   Compiling anstyle-parse v1.0.0
   Compiling num-traits v0.2.19
   Compiling anstyle-query v1.1.5
   Compiling is_terminal_polyfill v1.70.2
   Compiling colorchoice v1.0.5
   Compiling anstyle v1.0.14
   Compiling memoffset v0.9.1
   Compiling anstream v1.0.0
   Compiling clap_lex v1.1.0
   Compiling heck v0.5.0
   Compiling lazy_static v1.5.0
   Compiling strsim v0.11.1
   Compiling clap_derive v4.6.1
   Compiling clap_builder v4.6.0
   Compiling chacha20 v0.10.1
   Compiling quinn-udp v0.5.15
   Compiling nix v0.29.0
   Compiling rustls-pki-types v1.15.0
   Compiling der v0.7.10
   Compiling crypto-common v0.1.7
   Compiling block-buffer v0.10.4
   Compiling digest v0.10.7
   Compiling inout v0.1.4
   Compiling sha2 v0.10.9
   Compiling hmac v0.12.1
   Compiling cipher v0.4.4
   Compiling universal-hash v0.5.1
   Compiling hkdf v0.12.4
   Compiling sec1 v0.7.3
   Compiling crypto-bigint v0.5.5
   Compiling aes v0.8.4
   Compiling polyval v0.6.2
   Compiling sha3 v0.10.9
   Compiling yoke v0.8.3
   Compiling aead v0.5.2
   Compiling elliptic-curve v0.13.8
   Compiling ghash v0.5.1
   Compiling ctr v0.9.2
   Compiling chacha20 v0.9.1
   Compiling poly1305 v0.8.0
   Compiling primeorder v0.13.6
   Compiling aes-gcm v0.10.3
   Compiling pbkdf2 v0.12.2
   Compiling futures-executor v0.3.32
   Compiling p256 v0.13.2
   Compiling chacha20poly1305 v0.10.1
   Compiling futures v0.3.32
   Compiling bytes v1.12.1
   Compiling cobs v0.3.0
   Compiling fips205 v0.4.1
   Compiling fips203 v0.4.3
   Compiling fips204 v0.4.6
   Compiling serde_urlencoded v0.7.1
   Compiling webpki-roots v1.0.8
   Compiling regex v1.12.4
   Compiling option-ext v0.2.0
   Compiling tokio v1.52.3
   Compiling http v1.4.2
   Compiling postcard v1.1.3
   Compiling rustix v1.1.4
   Compiling xml-rs v0.8.28
   Compiling iana-time-zone v0.1.65
   Compiling fastrand v2.4.1
   Compiling unicode-segmentation v1.13.3
   Compiling hashbrown v0.14.5
   Compiling http-body v1.0.1
   Compiling openssl-probe v0.2.1
   Compiling convert_case v0.10.0
   Compiling http-body-util v0.1.3
   Compiling ppv-lite86 v0.2.21
   Compiling rustls-native-certs v0.8.4
   Compiling xmltree v0.10.3
   Compiling chrono v0.4.45
   Compiling dashmap v6.2.1
   Compiling zerovec v0.11.6
   Compiling rand_chacha v0.3.1
   Compiling zerotrie v0.2.4
   Compiling rand v0.8.6
   Compiling x25519-dalek v2.0.1
   Compiling dirs-sys v0.4.1
   Compiling tracing-serde v0.2.0
   Compiling hpke v0.13.0
   Compiling clap v4.6.1
   Compiling saorsa-gossip-types v0.5.66
   Compiling matchers v0.2.0
   Compiling rand v0.10.2
   Compiling uuid v1.23.4
   Compiling tinystr v0.8.3
   Compiling potential_utf v0.1.5
   Compiling icu_locale_core v2.2.0
   Compiling icu_collections v2.2.0
   Compiling sharded-slab v0.1.7
   Compiling yasna v0.6.0
   Compiling socket-pktinfo v0.3.2
   Compiling socket2 v0.5.10
   Compiling if-addrs v0.15.0
   Compiling pem v3.0.6
   Compiling flume v0.11.1
   Compiling tracing-log v0.2.0
   Compiling thread_local v1.1.9
   Compiling icu_provider v2.2.0
   Compiling unsafe-libyaml v0.2.11
   Compiling tinyvec_macros v0.1.1
   Compiling nu-ansi-term v0.50.3
   Compiling linux-raw-sys v0.12.1
   Compiling icu_normalizer v2.2.0
   Compiling icu_properties v2.2.0
   Compiling tracing-subscriber v0.3.23
   Compiling tinyvec v1.11.0
   Compiling serde_yaml v0.9.34+deprecated
   Compiling mdns-sd v0.19.2
   Compiling dirs v5.0.1
   Compiling derive_more-impl v2.1.1
   Compiling tokio-util v0.7.18
   Compiling idna_adapter v1.2.2
   Compiling idna v1.1.0
   Compiling tower v0.5.3
   Compiling h2 v0.4.15
   Compiling url v2.5.8
   Compiling saorsa-pqc v0.5.1
   Compiling rustls-pemfile v2.2.0
   Compiling keyring v3.6.3
   Compiling tower-http v0.6.11
   Compiling attohttpc v0.30.1
   Compiling rustc-hash v2.1.3
   Compiling thiserror v1.0.69
   Compiling rcgen v0.14.8
   Compiling lru-slab v0.1.2
   Compiling unicode-width v0.2.0
   Compiling thiserror-impl v1.0.69
   Compiling litrs v1.0.0
   Compiling signal-hook-mio v0.2.5
   Compiling sha1 v0.10.6
   Compiling zstd-sys v2.0.16+zstd.1.5.7
   Compiling document-features v0.2.12
   Compiling half v2.7.1
   Compiling rustversion v1.0.23
   Compiling allocator-api2 v0.2.21
   Compiling mime v0.3.17
   Compiling ciborium-io v0.2.2
   Compiling foldhash v0.2.0
   Compiling crc32fast v1.5.0
   Compiling hyper v1.10.1
   Compiling hashbrown v0.16.1
   Compiling ciborium-ll v0.2.2
   Compiling derive_more v2.1.1
   Compiling bzip2-sys v0.1.13+1.0.8
   Compiling lzma-sys v0.1.20
   Compiling simd-adler32 v0.3.9
   Compiling zstd-safe v7.2.4
   Compiling data-encoding v2.11.0
   Compiling utf-8 v0.7.6
   Compiling rustix v0.38.44
   Compiling radium v0.7.0
   Compiling tungstenite v0.24.0
   Compiling hyper-util v0.1.20
   Compiling crossterm v0.29.0
   Compiling lru v0.16.4
   Compiling ciborium v0.2.2
   Compiling saorsa-gossip-identity v0.5.66
   Compiling igd-next v0.17.1
   Compiling multer v3.1.0
   Compiling getrandom v0.3.4
   Compiling adler2 v2.0.1
   Compiling crc-catalog v2.5.0
   Compiling linux-raw-sys v0.4.15
   Compiling strict v0.2.0
   Compiling tap v1.0.1
   Compiling wyz v0.5.1
   Compiling crc v3.4.0
   Compiling miniz_oxide v0.8.9
   Compiling axum-core v0.4.5
   Compiling lazy-regex-proc_macros v3.6.0
   Compiling tokio-tungstenite v0.24.0
   Compiling saorsa-gossip-groups v0.5.66
   Compiling headers-core v0.3.0
   Compiling http v0.2.12
   Compiling toml_datetime v0.6.11
   Compiling serde_spanned v0.6.9
   Compiling crossbeam-queue v0.3.13
   Compiling crokey-proc_macros v1.4.0
   Compiling crossbeam-channel v0.5.16
   Compiling fs2 v0.4.3
   Compiling serde_bytes v0.11.19
   Compiling serde_path_to_error v0.1.20
   Compiling encoding_rs v0.8.35
   Compiling matchit v0.7.3
   Compiling winnow v0.7.15
   Compiling funty v2.0.0
   Compiling zip v2.4.2
   Compiling bumpalo v3.20.3
   Compiling toml_write v0.1.2
   Compiling zopfli v0.8.3
   Compiling bitvec v1.1.1
   Compiling crokey v1.4.0
   Compiling http-body v0.4.6
   Compiling crossbeam v0.8.4
   Compiling lazy-regex v3.6.0
   Compiling headers v0.4.1
   Compiling coolor v1.1.0
   Compiling toml_edit v0.22.27
   Compiling crossterm v0.28.1
   Compiling flate2 v1.1.9
   Compiling axum v0.7.9
   Compiling lzma-rs v0.3.0
   Compiling saorsa-gossip-rendezvous v0.5.66
   Compiling xattr v1.6.1
   Compiling async-stream-impl v0.3.6
   Compiling filetime v0.2.29
   Compiling minimad v0.13.1
   Compiling unicode-width v0.1.14
   Compiling deflate64 v0.1.12
   Compiling constant_time_eq v0.3.1
   Compiling env_home v0.1.0
   Compiling bzip2 v0.5.2
   Compiling bs58 v0.5.1
   Compiling which v7.0.3
   Compiling termimad v0.30.1
   Compiling async-stream v0.3.6
   Compiling four-word-networking v2.7.0
   Compiling tar v0.4.46
   Compiling hyper v0.14.32
   Compiling saorsa-mls v0.3.8
   Compiling toml v0.8.23
   Compiling terminal_size v0.4.4
   Compiling tokio-stream v0.1.18
   Compiling bincode v1.3.3
   Compiling if-addrs v0.13.4
   Compiling axum-extra v0.9.6
   Compiling zstd v0.13.3
   Compiling xz2 v0.1.7
   Compiling rustls-webpki v0.103.13
   Compiling tokio-rustls v0.26.4
   Compiling rustls-post-quantum v0.2.4
   Compiling rustls-platform-verifier v0.6.2
   Compiling hyper-rustls v0.27.9
   Compiling reqwest v0.12.28
   Compiling ant-quic v0.27.30
   Compiling saorsa-gossip-transport v0.5.66
   Compiling saorsa-gossip-coordinator v0.5.66
   Compiling saorsa-gossip-membership v0.5.66
   Compiling saorsa-gossip-presence v0.5.66
   Compiling saorsa-gossip-crdt-sync v0.5.66
   Compiling saorsa-gossip-pubsub v0.5.66
   Compiling saorsa-gossip-runtime v0.5.66
   Compiling x0x v0.29.0 (/Users/davidirvine/Desktop/Devel/wt/x0x-wp-a)
    Finished `release` profile [optimized] target(s) in 1m 44s
