=== saorsa-2 journalctl 17:00-17:16 ===
Apr 27 17:00:06 saorsa-2 x0xd[506498]: 2026-04-27T17:00:06.663224Z  WARN x0x::gossip::runtime: Timed out handling gossip message from=6a24bdeddd828e1e bytes=16056 elapsed_ms=10001 timeout_secs=10 stream_type="PubSub"
Apr 27 17:00:11 saorsa-2 x0xd[506498]: 2026-04-27T17:00:11.245823Z  WARN saorsa_gossip_presence: Timed out sending beacon to peer target_peer=PeerId(dc090fd3d05888a3) timeout_secs=15
Apr 27 17:00:16 saorsa-2 x0xd[506498]: 2026-04-27T17:00:16.665186Z  WARN x0x::gossip::runtime: Timed out handling gossip message from=6a24bdeddd828e1e bytes=16056 elapsed_ms=10001 timeout_secs=10 stream_type="PubSub"
Apr 27 17:00:26 saorsa-2 x0xd[506498]: 2026-04-27T17:00:26.667173Z  WARN x0x::gossip::runtime: Timed out handling gossip message from=6a24bdeddd828e1e bytes=16056 elapsed_ms=10001 timeout_secs=10 stream_type="PubSub"
Apr 27 17:00:36 saorsa-2 x0xd[506498]: 2026-04-27T17:00:36.668908Z  WARN x0x::gossip::runtime: Timed out handling gossip message from=6a24bdeddd828e1e bytes=16056 elapsed_ms=10001 timeout_secs=10 stream_type="PubSub"
Apr 27 17:00:41 saorsa-2 x0xd[506498]: 2026-04-27T17:00:41.247011Z  WARN saorsa_gossip_presence: Timed out sending beacon to peer target_peer=PeerId(dc090fd3d05888a3) timeout_secs=15
Apr 27 17:00:46 saorsa-2 x0xd[506498]: 2026-04-27T17:00:46.670559Z  WARN x0x::gossip::runtime: Timed out handling gossip message from=6a24bdeddd828e1e bytes=16056 elapsed_ms=10000 timeout_secs=10 stream_type="PubSub"
Apr 27 17:00:56 saorsa-2 x0xd[506498]: 2026-04-27T17:00:56.671545Z  WARN x0x::gossip::runtime: Timed out handling gossip message from=6a24bdeddd828e1e bytes=16056 elapsed_ms=10000 timeout_secs=10 stream_type="PubSub"
Apr 27 17:01:06 saorsa-2 x0xd[506498]: 2026-04-27T17:01:06.673027Z  WARN x0x::gossip::runtime: Timed out handling gossip message from=6a24bdeddd828e1e bytes=16056 elapsed_ms=10001 timeout_secs=10 stream_type="PubSub"
Apr 27 17:01:11 saorsa-2 x0xd[506498]: 2026-04-27T17:01:11.245711Z  WARN saorsa_gossip_presence: Timed out sending beacon to peer target_peer=PeerId(dc090fd3d05888a3) timeout_secs=15
Apr 27 17:01:16 saorsa-2 x0xd[506498]: 2026-04-27T17:01:16.674126Z  WARN x0x::gossip::runtime: Timed out handling gossip message from=6a24bdeddd828e1e bytes=16056 elapsed_ms=10000 timeout_secs=10 stream_type="PubSub"
Apr 27 17:01:26 saorsa-2 x0xd[506498]: 2026-04-27T17:01:26.676336Z  WARN x0x::gossip::runtime: Timed out handling gossip message from=6a24bdeddd828e1e bytes=16056 elapsed_ms=10002 timeout_secs=10 stream_type="PubSub"
Apr 27 17:01:36 saorsa-2 x0xd[506498]: 2026-04-27T17:01:36.677876Z  WARN x0x::gossip::runtime: Timed out handling gossip message from=6a24bdeddd828e1e bytes=16056 elapsed_ms=10001 timeout_secs=10 stream_type="PubSub"
Apr 27 17:01:41 saorsa-2 x0xd[506498]: 2026-04-27T17:01:41.245764Z  WARN saorsa_gossip_presence: Timed out sending beacon to peer target_peer=PeerId(dc090fd3d05888a3) timeout_secs=15
Apr 27 17:01:46 saorsa-2 x0xd[506498]: 2026-04-27T17:01:46.678735Z  WARN x0x::gossip::runtime: Timed out handling gossip message from=6a24bdeddd828e1e bytes=16056 elapsed_ms=10000 timeout_secs=10 stream_type="PubSub"
Apr 27 17:01:56 saorsa-2 x0xd[506498]: 2026-04-27T17:01:56.679512Z  WARN x0x::gossip::runtime: Timed out handling gossip message from=6a24bdeddd828e1e bytes=16056 elapsed_ms=10000 timeout_secs=10 stream_type="PubSub"
Apr 27 17:02:06 saorsa-2 x0xd[506498]: 2026-04-27T17:02:06.680581Z  WARN x0x::gossip::runtime: Timed out handling gossip message from=6a24bdeddd828e1e bytes=16056 elapsed_ms=10000 timeout_secs=10 stream_type="PubSub"
Apr 27 17:02:11 saorsa-2 x0xd[506498]: 2026-04-27T17:02:11.244519Z  WARN saorsa_gossip_presence: Timed out sending beacon to peer target_peer=PeerId(dc090fd3d05888a3) timeout_secs=15
Apr 27 17:02:11 saorsa-2 x0xd[506498]: 2026-04-27T17:02:11.701612Z  WARN x0x::gossip::runtime: Timed out handling gossip message from=dc090fd3d05888a3 bytes=2 elapsed_ms=5001 timeout_secs=5 stream_type="Membership"
Apr 27 17:02:16 saorsa-2 x0xd[506498]: 2026-04-27T17:02:16.703107Z  WARN x0x::gossip::runtime: Timed out handling gossip message from=dc090fd3d05888a3 bytes=2 elapsed_ms=5001 timeout_secs=5 stream_type="Membership"

=== saorsa-3 journalctl 17:00-17:16 ===
Apr 27 17:00:50 saorsa-3 x0xd[348020]: 2026-04-27T17:00:50.957732Z  WARN ant_quic::silent_drop: silent drop kind="peer_event_tx_lifecycle" peer_id=PeerId([22, 240, 191, 3, 55, 198, 52, 237, 253, 207, 138, 173, 205, 213, 150, 141, 45, 51, 171, 191, 10, 194, 164, 124, 52, 103, 16, 97, 100, 226, 210, 44]) error=channel closed
Apr 27 17:00:50 saorsa-3 x0xd[348020]: 2026-04-27T17:00:50.957781Z  WARN ant_quic::silent_drop: silent drop kind="peer_event_tx_lifecycle" peer_id=PeerId([22, 240, 191, 3, 55, 198, 52, 237, 253, 207, 138, 173, 205, 213, 150, 141, 45, 51, 171, 191, 10, 194, 164, 124, 52, 103, 16, 97, 100, 226, 210, 44]) error=channel closed
Apr 27 17:00:50 saorsa-3 x0xd[348020]: 2026-04-27T17:00:50.957792Z  WARN ant_quic::silent_drop: silent drop kind="peer_event_tx_lifecycle" peer_id=PeerId([22, 240, 191, 3, 55, 198, 52, 237, 253, 207, 138, 173, 205, 213, 150, 141, 45, 51, 171, 191, 10, 194, 164, 124, 52, 103, 16, 97, 100, 226, 210, 44]) error=channel closed
Apr 27 17:00:50 saorsa-3 x0xd[348020]: 2026-04-27T17:00:50.958203Z  WARN ant_quic::silent_drop: silent drop kind="peer_event_tx_lifecycle" peer_id=PeerId([22, 240, 191, 3, 55, 198, 52, 237, 253, 207, 138, 173, 205, 213, 150, 141, 45, 51, 171, 191, 10, 194, 164, 124, 52, 103, 16, 97, 100, 226, 210, 44]) error=channel closed
Apr 27 17:00:50 saorsa-3 x0xd[348020]: 2026-04-27T17:00:50.958224Z  WARN ant_quic::silent_drop: silent drop kind="peer_event_tx_lifecycle" peer_id=PeerId([22, 240, 191, 3, 55, 198, 52, 237, 253, 207, 138, 173, 205, 213, 150, 141, 45, 51, 171, 191, 10, 194, 164, 124, 52, 103, 16, 97, 100, 226, 210, 44]) error=channel closed
Apr 27 17:00:50 saorsa-3 x0xd[348020]: 2026-04-27T17:00:50.958239Z  WARN ant_quic::silent_drop: silent drop kind="peer_event_tx_lifecycle" peer_id=PeerId([22, 240, 191, 3, 55, 198, 52, 237, 253, 207, 138, 173, 205, 213, 150, 141, 45, 51, 171, 191, 10, 194, 164, 124, 52, 103, 16, 97, 100, 226, 210, 44]) error=channel closed
Apr 27 17:02:50 saorsa-3 x0xd[348020]: 2026-04-27T17:02:50.983773Z  WARN ant_quic::silent_drop: silent drop kind="peer_event_tx_lifecycle" peer_id=PeerId([22, 240, 191, 3, 55, 198, 52, 237, 253, 207, 138, 173, 205, 213, 150, 141, 45, 51, 171, 191, 10, 194, 164, 124, 52, 103, 16, 97, 100, 226, 210, 44]) error=channel closed
Apr 27 17:02:50 saorsa-3 x0xd[348020]: 2026-04-27T17:02:50.983838Z  WARN ant_quic::silent_drop: silent drop kind="peer_event_tx_lifecycle" peer_id=PeerId([22, 240, 191, 3, 55, 198, 52, 237, 253, 207, 138, 173, 205, 213, 150, 141, 45, 51, 171, 191, 10, 194, 164, 124, 52, 103, 16, 97, 100, 226, 210, 44]) error=channel closed
Apr 27 17:02:50 saorsa-3 x0xd[348020]: 2026-04-27T17:02:50.983847Z  WARN ant_quic::silent_drop: silent drop kind="peer_event_tx_lifecycle" peer_id=PeerId([22, 240, 191, 3, 55, 198, 52, 237, 253, 207, 138, 173, 205, 213, 150, 141, 45, 51, 171, 191, 10, 194, 164, 124, 52, 103, 16, 97, 100, 226, 210, 44]) error=channel closed
Apr 27 17:02:50 saorsa-3 x0xd[348020]: 2026-04-27T17:02:50.983864Z  WARN ant_quic::silent_drop: silent drop kind="peer_event_tx_lifecycle" peer_id=PeerId([22, 240, 191, 3, 55, 198, 52, 237, 253, 207, 138, 173, 205, 213, 150, 141, 45, 51, 171, 191, 10, 194, 164, 124, 52, 103, 16, 97, 100, 226, 210, 44]) error=channel closed
Apr 27 17:02:50 saorsa-3 x0xd[348020]: 2026-04-27T17:02:50.985806Z  WARN ant_quic::silent_drop: silent drop kind="peer_event_tx_lifecycle" peer_id=PeerId([22, 240, 191, 3, 55, 198, 52, 237, 253, 207, 138, 173, 205, 213, 150, 141, 45, 51, 171, 191, 10, 194, 164, 124, 52, 103, 16, 97, 100, 226, 210, 44]) error=channel closed
Apr 27 17:02:50 saorsa-3 x0xd[348020]: 2026-04-27T17:02:50.986102Z  WARN ant_quic::silent_drop: silent drop kind="peer_event_tx_lifecycle" peer_id=PeerId([22, 240, 191, 3, 55, 198, 52, 237, 253, 207, 138, 173, 205, 213, 150, 141, 45, 51, 171, 191, 10, 194, 164, 124, 52, 103, 16, 97, 100, 226, 210, 44]) error=channel closed
Apr 27 17:02:50 saorsa-3 x0xd[348020]: 2026-04-27T17:02:50.986238Z  WARN ant_quic::silent_drop: silent drop kind="peer_event_tx_lifecycle" peer_id=PeerId([22, 240, 191, 3, 55, 198, 52, 237, 253, 207, 138, 173, 205, 213, 150, 141, 45, 51, 171, 191, 10, 194, 164, 124, 52, 103, 16, 97, 100, 226, 210, 44]) error=channel closed
Apr 27 17:04:43 saorsa-3 x0xd[348020]: 2026-04-27T17:04:43.651423Z  WARN saorsa_gossip_membership: SWIM: Suspect timeout → marked dead peer_id=b367f1753e29fd96
Apr 27 17:04:44 saorsa-3 x0xd[348020]: 2026-04-27T17:04:44.650526Z  WARN saorsa_gossip_membership: SWIM: Suspect timeout → marked dead peer_id=16f0bf0337c634ed
Apr 27 17:05:09 saorsa-3 x0xd[348020]: 2026-04-27T17:05:09.651807Z  WARN ant_quic::silent_drop: silent drop kind="peer_event_tx_lifecycle" peer_id=PeerId([179, 103, 241, 117, 62, 41, 253, 150, 254, 86, 206, 2, 125, 96, 147, 5, 129, 6, 186, 35, 196, 4, 205, 184, 124, 26, 108, 123, 50, 59, 15, 164]) error=channel closed
Apr 27 17:05:09 saorsa-3 x0xd[348020]: 2026-04-27T17:05:09.651933Z  WARN ant_quic::silent_drop: silent drop kind="peer_event_tx_lifecycle" peer_id=PeerId([179, 103, 241, 117, 62, 41, 253, 150, 254, 86, 206, 2, 125, 96, 147, 5, 129, 6, 186, 35, 196, 4, 205, 184, 124, 26, 108, 123, 50, 59, 15, 164]) error=channel closed
Apr 27 17:05:09 saorsa-3 x0xd[348020]: 2026-04-27T17:05:09.651952Z  WARN ant_quic::silent_drop: silent drop kind="peer_event_tx_lifecycle" peer_id=PeerId([179, 103, 241, 117, 62, 41, 253, 150, 254, 86, 206, 2, 125, 96, 147, 5, 129, 6, 186, 35, 196, 4, 205, 184, 124, 26, 108, 123, 50, 59, 15, 164]) error=channel closed
Apr 27 17:05:09 saorsa-3 x0xd[348020]: 2026-04-27T17:05:09.652050Z  WARN ant_quic::silent_drop: silent drop kind="peer_event_tx_lifecycle" peer_id=PeerId([179, 103, 241, 117, 62, 41, 253, 150, 254, 86, 206, 2, 125, 96, 147, 5, 129, 6, 186, 35, 196, 4, 205, 184, 124, 26, 108, 123, 50, 59, 15, 164]) error=channel closed
Apr 27 17:05:23 saorsa-3 x0xd[348020]: 2026-04-27T17:05:23.658645Z  WARN ant_quic::silent_drop: silent drop kind="peer_event_tx_lifecycle" peer_id=PeerId([188, 244, 61, 192, 42, 119, 160, 88, 119, 119, 212, 95, 176, 49, 78, 164, 6, 0, 130, 0, 141, 90, 29, 244, 118, 5, 208, 53, 124, 118, 90, 220]) error=channel closed

=== saorsa-6 journalctl 17:00-17:16 ===
Apr 27 17:00:03 saorsa-6 x0xd[353315]: 2026-04-27T17:00:03.440862Z  WARN saorsa_gossip_presence: Timed out sending beacon to peer target_peer=PeerId(c1dfdbd98799fc47) timeout_secs=15
Apr 27 17:00:11 saorsa-6 x0xd[353315]: 2026-04-27T17:00:11.308662Z  WARN ant_quic::silent_drop: silent drop kind="peer_event_tx_lifecycle" peer_id=PeerId([22, 240, 191, 3, 55, 198, 52, 237, 253, 207, 138, 173, 205, 213, 150, 141, 45, 51, 171, 191, 10, 194, 164, 124, 52, 103, 16, 97, 100, 226, 210, 44]) error=channel closed
Apr 27 17:00:11 saorsa-6 x0xd[353315]: 2026-04-27T17:00:11.308758Z  WARN ant_quic::silent_drop: silent drop kind="peer_event_tx_lifecycle" peer_id=PeerId([22, 240, 191, 3, 55, 198, 52, 237, 253, 207, 138, 173, 205, 213, 150, 141, 45, 51, 171, 191, 10, 194, 164, 124, 52, 103, 16, 97, 100, 226, 210, 44]) error=channel closed
Apr 27 17:00:11 saorsa-6 x0xd[353315]: 2026-04-27T17:00:11.308770Z  WARN ant_quic::silent_drop: silent drop kind="peer_event_tx_lifecycle" peer_id=PeerId([22, 240, 191, 3, 55, 198, 52, 237, 253, 207, 138, 173, 205, 213, 150, 141, 45, 51, 171, 191, 10, 194, 164, 124, 52, 103, 16, 97, 100, 226, 210, 44]) error=channel closed
Apr 27 17:00:11 saorsa-6 x0xd[353315]: 2026-04-27T17:00:11.310880Z  WARN ant_quic::nat_traversal_api: Peer PeerId([248, 235, 116, 87, 158, 99, 108, 12, 107, 21, 0, 0, 0, 0, 0, 0, 0, 0, 0, 0, 0, 0, 0, 0, 0, 0, 0, 0, 0, 0, 0, 0]) is not synchronized
Apr 27 17:00:11 saorsa-6 x0xd[353315]: 2026-04-27T17:00:11.311255Z  WARN ant_quic::silent_drop: silent drop kind="peer_event_tx_lifecycle" peer_id=PeerId([22, 240, 191, 3, 55, 198, 52, 237, 253, 207, 138, 173, 205, 213, 150, 141, 45, 51, 171, 191, 10, 194, 164, 124, 52, 103, 16, 97, 100, 226, 210, 44]) error=channel closed
Apr 27 17:00:11 saorsa-6 x0xd[353315]: 2026-04-27T17:00:11.311361Z  WARN ant_quic::silent_drop: silent drop kind="peer_event_tx_lifecycle" peer_id=PeerId([22, 240, 191, 3, 55, 198, 52, 237, 253, 207, 138, 173, 205, 213, 150, 141, 45, 51, 171, 191, 10, 194, 164, 124, 52, 103, 16, 97, 100, 226, 210, 44]) error=channel closed
Apr 27 17:00:11 saorsa-6 x0xd[353315]: 2026-04-27T17:00:11.311382Z  WARN ant_quic::silent_drop: silent drop kind="peer_event_tx_lifecycle" peer_id=PeerId([22, 240, 191, 3, 55, 198, 52, 237, 253, 207, 138, 173, 205, 213, 150, 141, 45, 51, 171, 191, 10, 194, 164, 124, 52, 103, 16, 97, 100, 226, 210, 44]) error=channel closed
Apr 27 17:00:11 saorsa-6 x0xd[353315]: 2026-04-27T17:00:11.311472Z  WARN ant_quic::nat_traversal_api: Peer PeerId([248, 235, 116, 87, 158, 99, 108, 12, 107, 21, 0, 0, 0, 0, 0, 0, 0, 0, 0, 0, 0, 0, 0, 0, 0, 0, 0, 0, 0, 0, 0, 0]) is not synchronized
Apr 27 17:00:11 saorsa-6 x0xd[353315]: 2026-04-27T17:00:11.311655Z  WARN ant_quic::nat_traversal_api: Peer PeerId([248, 235, 116, 87, 158, 99, 108, 12, 107, 21, 0, 0, 0, 0, 0, 0, 0, 0, 0, 0, 0, 0, 0, 0, 0, 0, 0, 0, 0, 0, 0, 0]) is not synchronized
Apr 27 17:00:11 saorsa-6 x0xd[353315]: 2026-04-27T17:00:11.311854Z  WARN ant_quic::nat_traversal_api: Peer PeerId([248, 235, 116, 87, 158, 99, 108, 12, 107, 21, 0, 0, 0, 0, 0, 0, 0, 0, 0, 0, 0, 0, 0, 0, 0, 0, 0, 0, 0, 0, 0, 0]) is not synchronized
Apr 27 17:00:20 saorsa-6 x0xd[353315]: 2026-04-27T17:00:20.524773Z  WARN ant_quic::nat_traversal_api: Peer PeerId([248, 235, 116, 87, 158, 99, 108, 12, 107, 21, 0, 0, 0, 0, 0, 0, 0, 0, 0, 0, 0, 0, 0, 0, 0, 0, 0, 0, 0, 0, 0, 0]) is not synchronized
Apr 27 17:00:21 saorsa-6 x0xd[353315]: 2026-04-27T17:00:21.313370Z  INFO x0x::connect: direct dial failed strategy="direct_addr" addr=92.71.240.164:5483 family="v4" dur_ms=12103 outcome="fail" error=Endpoint error: All connection strategies failed: DirectIPv4: Timeout; DirectIPv6: Happy Eyeballs timed out; HolePunch { round: 1 }: coordination rejected: internal coordinator error; HolePunch { round: 1 }: coordination rejected: internal coordinator error; Relay: Timeout
Apr 27 17:00:21 saorsa-6 x0xd[353315]: 2026-04-27T17:00:21.314645Z DEBUG x0x: Auto-connect to 92.71.240.164:5483 failed: connection failed: Endpoint error: All connection strategies failed: DirectIPv4: Timeout; DirectIPv6: Happy Eyeballs timed out; HolePunch { round: 1 }: coordination rejected: internal coordinator error; HolePunch { round: 1 }: coordination rejected: internal coordinator error; Relay: Timeout
Apr 27 17:00:33 saorsa-6 x0xd[353315]: 2026-04-27T17:00:33.441029Z  WARN saorsa_gossip_presence: Timed out sending beacon to peer target_peer=PeerId(c1dfdbd98799fc47) timeout_secs=15
Apr 27 17:00:50 saorsa-6 x0xd[353315]: 2026-04-27T17:00:50.872793Z  WARN ant_quic::silent_drop: silent drop kind="peer_event_tx_lifecycle" peer_id=PeerId([220, 9, 15, 211, 208, 88, 136, 163, 182, 34, 140, 223, 206, 84, 131, 13, 65, 64, 229, 51, 34, 72, 8, 124, 155, 4, 40, 65, 97, 97, 155, 49]) error=channel closed
Apr 27 17:00:50 saorsa-6 x0xd[353315]: 2026-04-27T17:00:50.872926Z  WARN ant_quic::silent_drop: silent drop kind="peer_event_tx_lifecycle" peer_id=PeerId([220, 9, 15, 211, 208, 88, 136, 163, 182, 34, 140, 223, 206, 84, 131, 13, 65, 64, 229, 51, 34, 72, 8, 124, 155, 4, 40, 65, 97, 97, 155, 49]) error=channel closed
Apr 27 17:00:50 saorsa-6 x0xd[353315]: 2026-04-27T17:00:50.872939Z  WARN ant_quic::silent_drop: silent drop kind="peer_event_tx_lifecycle" peer_id=PeerId([220, 9, 15, 211, 208, 88, 136, 163, 182, 34, 140, 223, 206, 84, 131, 13, 65, 64, 229, 51, 34, 72, 8, 124, 155, 4, 40, 65, 97, 97, 155, 49]) error=channel closed
Apr 27 17:00:50 saorsa-6 x0xd[353315]: 2026-04-27T17:00:50.873024Z  WARN ant_quic::nat_traversal_api: Peer PeerId([248, 235, 116, 87, 158, 99, 108, 12, 107, 21, 0, 0, 0, 0, 0, 0, 0, 0, 0, 0, 0, 0, 0, 0, 0, 0, 0, 0, 0, 0, 0, 0]) is not synchronized
Apr 27 17:00:50 saorsa-6 x0xd[353315]: 2026-04-27T17:00:50.873084Z  WARN ant_quic::nat_traversal_api: Phase Synchronization failed for peer PeerId([248, 235, 116, 87, 158, 99, 108, 12, 107, 21, 0, 0, 0, 0, 0, 0, 0, 0, 0, 0, 0, 0, 0, 0, 0, 0, 0, 0, 0, 0, 0, 0]): SynchronizationExpired, retrying (attempt 2) at Instant { tv_sec: 449541, tv_nsec: 461983169 }

=== saorsa-7 journalctl 17:00-17:16 ===
Apr 27 17:00:09 saorsa-7 x0xd[841389]: 2026-04-27T17:00:09.246744Z  WARN ant_quic::silent_drop: silent drop kind="peer_event_tx_lifecycle" peer_id=PeerId([179, 103, 241, 117, 62, 41, 253, 150, 254, 86, 206, 2, 125, 96, 147, 5, 129, 6, 186, 35, 196, 4, 205, 184, 124, 26, 108, 123, 50, 59, 15, 164]) error=channel closed
Apr 27 17:00:41 saorsa-7 x0xd[841389]: 2026-04-27T17:00:41.965890Z  WARN saorsa_gossip_pubsub: IWANT for unknown message msg_id=[106, 214, 171, 182, 177, 215, 61, 86, 73, 180, 159, 168, 98, 209, 109, 230, 133, 142, 120, 196, 151, 27, 69, 22, 132, 189, 183, 203, 35, 189, 150, 170]
Apr 27 17:00:41 saorsa-7 x0xd[841389]: 2026-04-27T17:00:41.965939Z  WARN saorsa_gossip_pubsub: IWANT for unknown message msg_id=[122, 183, 140, 60, 33, 164, 208, 73, 219, 47, 48, 204, 208, 163, 115, 219, 194, 9, 165, 226, 247, 195, 135, 73, 112, 238, 92, 63, 36, 87, 14, 223]
Apr 27 17:00:41 saorsa-7 x0xd[841389]: 2026-04-27T17:00:41.966064Z  WARN saorsa_gossip_pubsub: IWANT for unknown message msg_id=[153, 137, 149, 66, 202, 131, 231, 46, 97, 110, 60, 234, 45, 115, 9, 36, 142, 199, 217, 224, 59, 112, 243, 192, 163, 156, 238, 5, 31, 96, 75, 187]
Apr 27 17:00:41 saorsa-7 x0xd[841389]: 2026-04-27T17:00:41.966103Z  WARN saorsa_gossip_pubsub: IWANT for unknown message msg_id=[88, 103, 178, 19, 76, 51, 22, 254, 62, 183, 139, 16, 142, 76, 0, 83, 242, 87, 204, 19, 90, 165, 134, 50, 56, 30, 42, 214, 77, 128, 204, 77]
Apr 27 17:02:06 saorsa-7 x0xd[841389]: 2026-04-27T17:02:06.733567Z  WARN saorsa_gossip_pubsub: IWANT for unknown message msg_id=[191, 201, 233, 27, 119, 61, 109, 175, 78, 201, 132, 159, 231, 164, 212, 167, 82, 155, 160, 184, 215, 152, 36, 205, 94, 4, 193, 165, 126, 169, 228, 128]
Apr 27 17:02:06 saorsa-7 x0xd[841389]: 2026-04-27T17:02:06.733588Z  WARN saorsa_gossip_pubsub: IWANT for unknown message msg_id=[224, 209, 17, 33, 119, 188, 122, 99, 92, 229, 216, 127, 225, 234, 194, 114, 138, 216, 195, 156, 161, 214, 15, 203, 35, 157, 230, 122, 81, 147, 118, 43]
Apr 27 17:02:06 saorsa-7 x0xd[841389]: 2026-04-27T17:02:06.733605Z  WARN saorsa_gossip_pubsub: IWANT for unknown message msg_id=[9, 117, 74, 217, 88, 27, 172, 139, 184, 174, 121, 222, 180, 44, 126, 161, 41, 59, 211, 211, 152, 74, 146, 120, 241, 63, 214, 71, 8, 213, 49, 108]
Apr 27 17:02:06 saorsa-7 x0xd[841389]: 2026-04-27T17:02:06.733624Z  WARN saorsa_gossip_pubsub: IWANT for unknown message msg_id=[50, 47, 116, 22, 104, 60, 22, 188, 219, 234, 241, 13, 19, 93, 251, 35, 85, 221, 105, 136, 241, 52, 139, 95, 140, 242, 177, 48, 72, 60, 166, 45]
Apr 27 17:02:06 saorsa-7 x0xd[841389]: 2026-04-27T17:02:06.733638Z  WARN saorsa_gossip_pubsub: IWANT for unknown message msg_id=[218, 235, 198, 235, 71, 61, 247, 36, 61, 202, 86, 28, 183, 121, 238, 237, 120, 56, 227, 29, 192, 151, 145, 165, 141, 234, 180, 15, 43, 237, 214, 25]
Apr 27 17:02:06 saorsa-7 x0xd[841389]: 2026-04-27T17:02:06.733653Z  WARN saorsa_gossip_pubsub: IWANT for unknown message msg_id=[31, 247, 29, 75, 41, 99, 166, 113, 165, 92, 158, 91, 230, 185, 129, 224, 238, 90, 250, 131, 239, 233, 109, 215, 52, 105, 210, 240, 59, 244, 3, 122]
Apr 27 17:02:06 saorsa-7 x0xd[841389]: 2026-04-27T17:02:06.733664Z  WARN saorsa_gossip_pubsub: IWANT for unknown message msg_id=[83, 83, 226, 227, 82, 59, 117, 111, 118, 161, 24, 25, 82, 102, 11, 224, 129, 45, 160, 95, 237, 233, 65, 141, 29, 26, 45, 18, 175, 3, 123, 22]
Apr 27 17:02:06 saorsa-7 x0xd[841389]: 2026-04-27T17:02:06.733676Z  WARN saorsa_gossip_pubsub: IWANT for unknown message msg_id=[12, 83, 149, 216, 186, 221, 168, 185, 17, 101, 203, 239, 169, 85, 168, 65, 233, 103, 65, 51, 119, 172, 112, 72, 103, 10, 39, 232, 228, 17, 252, 29]
Apr 27 17:02:06 saorsa-7 x0xd[841389]: 2026-04-27T17:02:06.733686Z  WARN saorsa_gossip_pubsub: IWANT for unknown message msg_id=[232, 246, 12, 134, 72, 92, 175, 189, 79, 133, 218, 129, 25, 227, 89, 16, 156, 156, 148, 116, 177, 132, 244, 102, 232, 253, 230, 10, 60, 117, 189, 131]
Apr 27 17:02:06 saorsa-7 x0xd[841389]: 2026-04-27T17:02:06.733696Z  WARN saorsa_gossip_pubsub: IWANT for unknown message msg_id=[49, 223, 20, 77, 68, 137, 107, 250, 238, 114, 57, 39, 112, 78, 234, 51, 162, 151, 196, 194, 174, 8, 165, 86, 174, 14, 198, 82, 90, 26, 248, 122]
Apr 27 17:02:06 saorsa-7 x0xd[841389]: 2026-04-27T17:02:06.733708Z  WARN saorsa_gossip_pubsub: IWANT for unknown message msg_id=[22, 85, 20, 100, 155, 124, 129, 144, 48, 247, 247, 61, 101, 169, 109, 179, 211, 32, 215, 121, 225, 137, 24, 56, 223, 102, 171, 252, 214, 17, 75, 219]
Apr 27 17:02:06 saorsa-7 x0xd[841389]: 2026-04-27T17:02:06.733719Z  WARN saorsa_gossip_pubsub: IWANT for unknown message msg_id=[178, 3, 159, 83, 215, 12, 242, 23, 61, 180, 95, 108, 216, 192, 17, 189, 25, 248, 180, 147, 40, 88, 209, 72, 157, 47, 131, 208, 22, 141, 222, 163]
Apr 27 17:02:06 saorsa-7 x0xd[841389]: 2026-04-27T17:02:06.733730Z  WARN saorsa_gossip_pubsub: IWANT for unknown message msg_id=[163, 212, 24, 224, 111, 28, 74, 115, 93, 171, 160, 57, 1, 39, 58, 102, 30, 21, 111, 179, 224, 44, 1, 115, 1, 220, 230, 69, 24, 15, 196, 251]
Apr 27 17:02:06 saorsa-7 x0xd[841389]: 2026-04-27T17:02:06.733739Z  WARN saorsa_gossip_pubsub: IWANT for unknown message msg_id=[48, 94, 23, 186, 117, 106, 73, 53, 21, 46, 108, 144, 91, 117, 14, 212, 1, 122, 250, 187, 91, 91, 124, 207, 84, 63, 10, 37, 14, 195, 46, 90]
Apr 27 17:02:06 saorsa-7 x0xd[841389]: 2026-04-27T17:02:06.733752Z  WARN saorsa_gossip_pubsub: IWANT for unknown message msg_id=[166, 69, 194, 117, 32, 86, 137, 243, 246, 78, 141, 133, 97, 230, 91, 186, 219, 142, 217, 45, 59, 26, 122, 105, 204, 82, 229, 116, 34, 215, 199, 209]

