Warning: Permanently added '116.203.101.172' (ED25519) to the list of known hosts.
Apr 22 09:08:47 saorsa-7 x0xd[610969]: 2026-04-22T09:08:47.930073Z  INFO x0x::network: [1/6 network] send: 22186 bytes (PubSub) to peer PeerId(6a24bdeddd828e1e)
Apr 22 09:08:47 saorsa-7 x0xd[610969]: 2026-04-22T09:08:47.930105Z  INFO x0x::network: [1/6 network] send: 22186 bytes (PubSub) to peer PeerId(4721317e38abc8c4)
Apr 22 09:08:47 saorsa-7 x0xd[610969]: 2026-04-22T09:08:47.930126Z  INFO x0x::network: [1/6 network] send: 22186 bytes (PubSub) to peer PeerId(0b7bb5a3b9951f8a)
Apr 22 09:08:48 saorsa-7 x0xd[610969]: 2026-04-22T09:08:48.598602Z  INFO x0x::network: [1/6 network] recv: 22279 bytes (PubSub) from peer PeerId([71, 33, 49, 126, 56, 171, 200, 196, 6, 200, 250, 31, 155, 225, 192, 55, 193, 205, 30, 253, 100, 215, 181, 51, 191, 43, 230, 33, 42, 49, 249, 24])
Apr 22 09:08:48 saorsa-7 x0xd[610969]: 2026-04-22T09:08:48.598668Z  INFO x0x::gossip::runtime: [2/6 runtime] dispatching PubSub message to handle_incoming from=4721317e38abc8c4 bytes=22279
Apr 22 09:08:48 saorsa-7 x0xd[610969]: 2026-04-22T09:08:48.599191Z  INFO x0x::gossip::pubsub: [4/6 pubsub] received from PlumTree, decoding topic=x0x.discovery.groups payload_len=16942
Apr 22 09:08:48 saorsa-7 x0xd[610969]: 2026-04-22T09:08:48.600395Z  INFO x0x::gossip::pubsub: [4/6 pubsub] decoded, forwarding to subscriber channel topic=x0x.discovery.groups msg_topic=x0x.discovery.groups
Apr 22 09:08:48 saorsa-7 x0xd[610969]: 2026-04-22T09:08:48.600467Z  INFO x0xd: P0-1: received discovery gossip msg (11622 bytes) topic="x0x.discovery.groups"
Apr 22 09:08:48 saorsa-7 x0xd[610969]: 2026-04-22T09:08:48.601129Z  INFO x0xd: D.3: caching discovered group card (signed=true) group_id=329699199e7ab3af9201c6b4d0b6872c1eb5d6912d85c0820e179a6d5e1f3ec5 name=OG's revision=0
Apr 22 09:08:48 saorsa-7 x0xd[610969]: 2026-04-22T09:08:48.601226Z  INFO x0x::network: [1/6 network] send: 22280 bytes (PubSub) to peer PeerId(b2606ba6db0d98b3)
Apr 22 09:08:48 saorsa-7 x0xd[610969]: 2026-04-22T09:08:48.601246Z  INFO x0x::network: [1/6 network] send: 22280 bytes (PubSub) to peer PeerId(6a24bdeddd828e1e)
Apr 22 09:08:48 saorsa-7 x0xd[610969]: 2026-04-22T09:08:48.601260Z  INFO x0x::network: [1/6 network] send: 22280 bytes (PubSub) to peer PeerId(0b7bb5a3b9951f8a)
Apr 22 09:08:48 saorsa-7 x0xd[610969]: 2026-04-22T09:08:48.661199Z  INFO x0x::network: [1/6 network] recv: 22185 bytes (PubSub) from peer PeerId([71, 33, 49, 126, 56, 171, 200, 196, 6, 200, 250, 31, 155, 225, 192, 55, 193, 205, 30, 253, 100, 215, 181, 51, 191, 43, 230, 33, 42, 49, 249, 24])
Apr 22 09:08:48 saorsa-7 x0xd[610969]: 2026-04-22T09:08:48.661308Z  INFO x0x::gossip::runtime: [2/6 runtime] dispatching PubSub message to handle_incoming from=4721317e38abc8c4 bytes=22185
Apr 22 09:08:48 saorsa-7 x0xd[610969]: 2026-04-22T09:08:48.661554Z  INFO x0x::network: [1/6 network] recv: 22183 bytes (PubSub) from peer PeerId([71, 33, 49, 126, 56, 171, 200, 196, 6, 200, 250, 31, 155, 225, 192, 55, 193, 205, 30, 253, 100, 215, 181, 51, 191, 43, 230, 33, 42, 49, 249, 24])
Apr 22 09:08:48 saorsa-7 x0xd[610969]: 2026-04-22T09:08:48.662911Z  INFO x0x::network: [1/6 network] send: 22186 bytes (PubSub) to peer PeerId(6a24bdeddd828e1e)
Apr 22 09:08:48 saorsa-7 x0xd[610969]: 2026-04-22T09:08:48.662946Z  INFO x0x::network: [1/6 network] send: 22186 bytes (PubSub) to peer PeerId(0b7bb5a3b9951f8a)
Apr 22 09:08:48 saorsa-7 x0xd[610969]: 2026-04-22T09:08:48.662967Z  INFO x0x::network: [1/6 network] send: 22186 bytes (PubSub) to peer PeerId(b2606ba6db0d98b3)
Apr 22 09:08:48 saorsa-7 x0xd[610969]: 2026-04-22T09:08:48.662988Z  INFO x0x::gossip::runtime: [2/6 runtime] dispatching PubSub message to handle_incoming from=4721317e38abc8c4 bytes=22183
Apr 22 09:08:48 saorsa-7 x0xd[610969]: 2026-04-22T09:08:48.663452Z  INFO x0x::network: [1/6 network] send: 22184 bytes (PubSub) to peer PeerId(6a24bdeddd828e1e)
Apr 22 09:08:48 saorsa-7 x0xd[610969]: 2026-04-22T09:08:48.663476Z  INFO x0x::network: [1/6 network] send: 22184 bytes (PubSub) to peer PeerId(0b7bb5a3b9951f8a)
Apr 22 09:08:48 saorsa-7 x0xd[610969]: 2026-04-22T09:08:48.663495Z  INFO x0x::network: [1/6 network] send: 22184 bytes (PubSub) to peer PeerId(b2606ba6db0d98b3)
Apr 22 09:08:50 saorsa-7 x0xd[610969]: 2026-04-22T09:08:50.687770Z  WARN saorsa_gossip_membership: SWIM: Suspect timeout → marked dead peer_id=b2606ba6db0d98b3
Apr 22 09:08:51 saorsa-7 x0xd[610969]: 2026-04-22T09:08:51.687797Z  WARN saorsa_gossip_membership: SWIM: Suspect timeout → marked dead peer_id=0b7bb5a3b9951f8a
Apr 22 09:08:51 saorsa-7 x0xd[610969]: 2026-04-22T09:08:51.717488Z  INFO x0x::network: [1/6 network] send: 3 bytes (Membership) to peer PeerId(6a24bdeddd828e1e)
Apr 22 09:08:51 saorsa-7 x0xd[610969]: 2026-04-22T09:08:51.718273Z  INFO x0x::network: [1/6 network] send: 3 bytes (Membership) to peer PeerId(4721317e38abc8c4)
Apr 22 09:08:51 saorsa-7 x0xd[610969]: 2026-04-22T09:08:51.718301Z  INFO x0x::network: [1/6 network] send: 3 bytes (Membership) to peer PeerId(0b7bb5a3b9951f8a)
Apr 22 09:08:51 saorsa-7 x0xd[610969]: 2026-04-22T09:08:51.718314Z  INFO x0x::network: [1/6 network] send: 3 bytes (Membership) to peer PeerId(b2606ba6db0d98b3)
Apr 22 09:08:53 saorsa-7 x0xd[610969]: 2026-04-22T09:08:53.602373Z  INFO x0x::network: [1/6 network] recv: 22185 bytes (PubSub) from peer PeerId([178, 96, 107, 166, 219, 13, 152, 179, 76, 88, 148, 38, 190, 172, 222, 94, 190, 150, 94, 93, 188, 139, 169, 91, 140, 119, 30, 147, 189, 240, 219, 118])
Apr 22 09:08:53 saorsa-7 x0xd[610969]: 2026-04-22T09:08:53.604182Z  INFO x0x::gossip::runtime: [2/6 runtime] dispatching PubSub message to handle_incoming from=b2606ba6db0d98b3 bytes=22185
Apr 22 09:08:53 saorsa-7 x0xd[610969]: 2026-04-22T09:08:53.604649Z  INFO x0x::network: [1/6 network] send: 22186 bytes (PubSub) to peer PeerId(6a24bdeddd828e1e)
Apr 22 09:08:53 saorsa-7 x0xd[610969]: 2026-04-22T09:08:53.604694Z  INFO x0x::network: [1/6 network] send: 22186 bytes (PubSub) to peer PeerId(4721317e38abc8c4)
Apr 22 09:08:53 saorsa-7 x0xd[610969]: 2026-04-22T09:08:53.604718Z  INFO x0x::network: [1/6 network] send: 22186 bytes (PubSub) to peer PeerId(0b7bb5a3b9951f8a)
Apr 22 09:08:53 saorsa-7 x0xd[610969]: 2026-04-22T09:08:53.750554Z  INFO ant_quic::connection: Both peers support NAT traversal, negotiating capabilities
Apr 22 09:08:53 saorsa-7 x0xd[610969]: 2026-04-22T09:08:53.750587Z  INFO ant_quic::connection: NAT traversal capability negotiated successfully
Apr 22 09:08:53 saorsa-7 x0xd[610969]: 2026-04-22T09:08:53.750592Z  INFO ant_quic::connection: NAT traversal capability successfully negotiated
Apr 22 09:08:53 saorsa-7 x0xd[610969]: 2026-04-22T09:08:53.750599Z  INFO ant_quic::connection: negotiate_address_discovery: peer_params.address_discovery = Some(SendAndReceive)
Apr 22 09:08:53 saorsa-7 x0xd[610969]: 2026-04-22T09:08:53.750605Z  INFO ant_quic::connection: Peer supports address discovery: SendAndReceive
Apr 22 09:08:53 saorsa-7 x0xd[610969]: 2026-04-22T09:08:53.750609Z  INFO ant_quic::connection: Address discovery negotiated successfully: rate=10, all_paths=false
Apr 22 09:08:53 saorsa-7 x0xd[610969]: 2026-04-22T09:08:53.750619Z  INFO ant_quic::connection: queue_observed_address_frame: SENDING OBSERVED_ADDRESS to [::ffff:147.182.234.192]:5483 for path 0
